生成启动时间为 2016/9/27 17:06:16。
     1>项目“K:\GitSpace\Multimedia\Multimedia\Multimedia.vcxproj”在节点 2 上(Build 个目标)。
     1>ClCompile:
         C:\SoftWares\Microsoft Visual Studio 12.0\VC\bin\CL.exe /c /Zi /nologo /W3 /WX- /O2 /Oi /Oy- /GL /D WIN32 /D _WINDOWS /D NDEBUG /D _UNICODE /D UNICODE /D _AFXDLL /Gm- /EHsc /MD /GS /Gy /fp:precise /Zc:wchar_t /Zc:forScope /openmp /Yu"stdafx.h" /Fp"Release\Multimedia.pch" /Fo"Release\\" /Fd"Release\vc120.pdb" /Gd /TP /analyze- /errorReport:prompt Multimedia.cpp MultimediaDlg.cpp
         Multimedia.cpp
         MultimediaDlg.cpp
     1>MultimediaDlg.cpp(17): warning C4101: “tv”: 未引用的局部变量
     1>MultimediaDlg.cpp(29): warning C4244: “参数”: 从“time_t”转换到“unsigned int”，可能丢失数据
     1>MultimediaDlg.cpp(509): warning C4244: “=”: 从“float”转换到“UINT”，可能丢失数据
       Link:
         C:\SoftWares\Microsoft Visual Studio 12.0\VC\bin\link.exe /ERRORREPORT:PROMPT /OUT:"K:\GitSpace\Multimedia\Release\Multimedia.exe" /INCREMENTAL:NO /NOLOGO /MANIFEST /MANIFESTUAC:"level='asInvoker' uiAccess='false'" /manifest:embed /manifestinput:"C:\SoftWares\Microsoft Visual Studio 12.0\VC\Include\Manifest\dpiaware.manifest" /DEBUG /PDB:"K:\GitSpace\Multimedia\Release\Multimedia.pdb" /SUBSYSTEM:WINDOWS /OPT:REF /OPT:ICF /LTCG /TLBID:1 /ENTRY:"wWinMainCRTStartup" /DYNAMICBASE /NXCOMPAT /IMPLIB:"K:\GitSpace\Multimedia\Release\Multimedia.lib" /MACHINE:X86 /SAFESEH Release\Multimedia.res
         Release\ImageProcess.obj
         Release\Multimedia.obj
         Release\MultimediaDlg.obj
         Release\stdafx.obj
         正在生成代码
         已完成代码的生成
         Multimedia.vcxproj -> K:\GitSpace\Multimedia\Release\Multimedia.exe
     1>已完成生成项目“K:\GitSpace\Multimedia\Multimedia\Multimedia.vcxproj”(Build 个目标)的操作。

生成成功。

已用时间 00:00:01.40
